11:09:07.404 INFO [main] org.lenskit.cli.Main: Starting LensKit 3.0-M1 on Java 1.8.0_161 from Oracle Corporation
11:09:07.437 DEBUG [main] org.lenskit.LenskitInfo: have 5573 active revisions
11:09:07.445 DEBUG [main] org.lenskit.cli.Main: Built from Git revision c0210fa3281ef8b15b0959bcd5fced43c5fec38a
11:09:07.446 DEBUG [main] org.lenskit.cli.Main: Using VM 'Java HotSpot(TM) Client VM' version 25.161-b12 from Oracle Corporation
11:09:07.446 INFO [main] org.lenskit.cli.Main: Have 4 processors and heap limit of 494 MiB
11:09:07.466 INFO [main] org.lenskit.cli.util.RecommenderLoader: creating fresh recommender
11:09:08.028 INFO [main] org.lenskit.config.ConfigurationLoader: loading script from file:/C:/workspace/learning/java_proj/recommender-system-coursera/uu-assignment/etc/user-user.groovy
11:09:09.014 DEBUG [main] org.lenskit.data.dao.file.TextEntitySource: loading source ratings with base URI file:/C:/workspace/learning/java_proj/recommender-system-coursera/uu-assignment/data/movielens.yml
11:09:09.014 DEBUG [main] org.lenskit.data.dao.file.TextEntitySource: resolved file URI: file:/C:/workspace/learning/java_proj/recommender-system-coursera/uu-assignment/data/ratings.csv
11:09:09.034 INFO [main] org.lenskit.data.dao.file.TextEntitySource: loading text file source ratings to read from file:/C:/workspace/learning/java_proj/recommender-system-coursera/uu-assignment/data/ratings.csv
11:09:09.047 DEBUG [main] org.lenskit.data.dao.file.TextEntitySource: ratings: using delimiter ,
11:09:09.047 DEBUG [main] org.lenskit.data.dao.file.TextEntitySource: ratings: reading header
11:09:09.047 DEBUG [main] org.lenskit.data.dao.file.TextEntitySource: ratings: reading entities of type EntityType[rating]
11:09:09.138 DEBUG [main] org.lenskit.data.dao.file.TextEntitySource: class org.lenskit.data.ratings.RatingBuilder: using entity builder {}
11:09:09.138 DEBUG [main] org.lenskit.data.dao.file.TextEntitySource: loading source movies with base URI file:/C:/workspace/learning/java_proj/recommender-system-coursera/uu-assignment/data/movielens.yml
11:09:09.138 DEBUG [main] org.lenskit.data.dao.file.TextEntitySource: resolved file URI: file:/C:/workspace/learning/java_proj/recommender-system-coursera/uu-assignment/data/movies.csv
11:09:09.139 INFO [main] org.lenskit.data.dao.file.TextEntitySource: loading text file source movies to read from file:/C:/workspace/learning/java_proj/recommender-system-coursera/uu-assignment/data/movies.csv
11:09:09.140 DEBUG [main] org.lenskit.data.dao.file.TextEntitySource: movies: using delimiter ,
11:09:09.141 DEBUG [main] org.lenskit.data.dao.file.TextEntitySource: movies: reading header
11:09:09.141 DEBUG [main] org.lenskit.data.dao.file.TextEntitySource: movies: reading entities of type EntityType[item]
11:09:09.142 DEBUG [main] org.lenskit.data.dao.file.TextEntitySource: class org.lenskit.data.entities.BasicEntityBuilder: using entity builder {}
11:09:09.142 DEBUG [main] org.lenskit.data.dao.file.TextEntitySource: loading source tags with base URI file:/C:/workspace/learning/java_proj/recommender-system-coursera/uu-assignment/data/movielens.yml
11:09:09.142 DEBUG [main] org.lenskit.data.dao.file.TextEntitySource: resolved file URI: file:/C:/workspace/learning/java_proj/recommender-system-coursera/uu-assignment/data/tags.csv
11:09:09.142 INFO [main] org.lenskit.data.dao.file.TextEntitySource: loading text file source tags to read from file:/C:/workspace/learning/java_proj/recommender-system-coursera/uu-assignment/data/tags.csv
11:09:09.142 DEBUG [main] org.lenskit.data.dao.file.TextEntitySource: tags: using delimiter ,
11:09:09.142 DEBUG [main] org.lenskit.data.dao.file.TextEntitySource: tags: reading header
11:09:09.142 DEBUG [main] org.lenskit.data.dao.file.TextEntitySource: tags: reading entities of type EntityType[item-tag]
11:09:09.143 DEBUG [main] org.lenskit.data.dao.file.TextEntitySource: class org.lenskit.data.entities.BasicEntityBuilder: using entity builder {}
11:09:09.153 DEBUG [main] org.lenskit.LenskitRecommenderEngineBuilder: building graph from 3 configurations
11:09:09.272 DEBUG [main] org.lenskit.inject.RecommenderInstantiator: replacing nodes in graph with 12 nodes
11:09:09.290 DEBUG [main] org.lenskit.inject.RecommenderInstantiator: found 3 shared nodes
11:09:09.290 DEBUG [main] org.lenskit.inject.RecommenderInstantiator: final graph has 12 nodes
11:09:09.294 INFO [main] org.lenskit.cli.util.RecommenderLoader: built recommender in 140.8 ms
11:09:11.800 INFO [main] org.lenskit.data.dao.file.StaticDataSource: deriving entity type EntityType[user] from EntityType[rating] (column TypedName[user: long])
11:09:12.068 INFO [main] org.lenskit.data.dao.file.StaticDataSource: deriving entity type EntityType[item] from EntityType[rating] (column TypedName[item: long])
11:09:12.140 DEBUG [main] org.lenskit.data.entities.EntityCollectionBuilder: built collection of 2500 entities with type EntityType[item] and 2 indexes
11:09:12.178 DEBUG [main] org.lenskit.data.entities.EntityCollectionBuilder: built collection of 264505 entities with type EntityType[rating] and 2 indexes
11:09:12.189 DEBUG [main] org.lenskit.data.entities.EntityCollectionBuilder: built collection of 94875 entities with type EntityType[item-tag] and 2 indexes
11:09:12.192 DEBUG [main] org.lenskit.data.entities.EntityCollectionBuilder: built collection of 862 entities with type EntityType[user] and 2 indexes
11:09:12.219 INFO [main] org.lenskit.cli.commands.Predict: predicting 4 items
11:09:12.700 INFO [main] org.lenskit.cli.commands.Predict: predicted for 4 items in 480.1 ms
11:09:12.702 INFO [main] org.lenskit.cli.Main: If you use LensKit in published research, please see http://lenskit.org/research/
