11:01:38.786 INFO [main] org.lenskit.cli.Main: Starting LensKit 3.0-M1 on Java 1.8.0_161 from Oracle Corporation
11:01:38.822 DEBUG [main] org.lenskit.LenskitInfo: have 5573 active revisions
11:01:38.831 DEBUG [main] org.lenskit.cli.Main: Built from Git revision c0210fa3281ef8b15b0959bcd5fced43c5fec38a
11:01:38.832 DEBUG [main] org.lenskit.cli.Main: Using VM 'Java HotSpot(TM) Client VM' version 25.161-b12 from Oracle Corporation
11:01:38.832 INFO [main] org.lenskit.cli.Main: Have 4 processors and heap limit of 494 MiB
11:01:38.852 INFO [main] org.lenskit.cli.util.RecommenderLoader: creating fresh recommender
11:01:39.448 INFO [main] org.lenskit.config.ConfigurationLoader: loading script from file:/C:/workspace/learning/couresra/recommender_system/uu-assignment/etc/user-user.groovy
11:01:40.559 DEBUG [main] org.lenskit.data.dao.file.TextEntitySource: loading source ratings with base URI file:/C:/workspace/learning/couresra/recommender_system/uu-assignment/data/movielens.yml
11:01:40.559 DEBUG [main] org.lenskit.data.dao.file.TextEntitySource: resolved file URI: file:/C:/workspace/learning/couresra/recommender_system/uu-assignment/data/ratings.csv
11:01:40.599 INFO [main] org.lenskit.data.dao.file.TextEntitySource: loading text file source ratings to read from file:/C:/workspace/learning/couresra/recommender_system/uu-assignment/data/ratings.csv
11:01:40.614 DEBUG [main] org.lenskit.data.dao.file.TextEntitySource: ratings: using delimiter ,
11:01:40.615 DEBUG [main] org.lenskit.data.dao.file.TextEntitySource: ratings: reading header
11:01:40.615 DEBUG [main] org.lenskit.data.dao.file.TextEntitySource: ratings: reading entities of type EntityType[rating]
11:01:40.768 DEBUG [main] org.lenskit.data.dao.file.TextEntitySource: class org.lenskit.data.ratings.RatingBuilder: using entity builder {}
11:01:40.768 DEBUG [main] org.lenskit.data.dao.file.TextEntitySource: loading source movies with base URI file:/C:/workspace/learning/couresra/recommender_system/uu-assignment/data/movielens.yml
11:01:40.768 DEBUG [main] org.lenskit.data.dao.file.TextEntitySource: resolved file URI: file:/C:/workspace/learning/couresra/recommender_system/uu-assignment/data/movies.csv
11:01:40.768 INFO [main] org.lenskit.data.dao.file.TextEntitySource: loading text file source movies to read from file:/C:/workspace/learning/couresra/recommender_system/uu-assignment/data/movies.csv
11:01:40.768 DEBUG [main] org.lenskit.data.dao.file.TextEntitySource: movies: using delimiter ,
11:01:40.769 DEBUG [main] org.lenskit.data.dao.file.TextEntitySource: movies: reading header
11:01:40.769 DEBUG [main] org.lenskit.data.dao.file.TextEntitySource: movies: reading entities of type EntityType[item]
11:01:40.769 DEBUG [main] org.lenskit.data.dao.file.TextEntitySource: class org.lenskit.data.entities.BasicEntityBuilder: using entity builder {}
11:01:40.770 DEBUG [main] org.lenskit.data.dao.file.TextEntitySource: loading source tags with base URI file:/C:/workspace/learning/couresra/recommender_system/uu-assignment/data/movielens.yml
11:01:40.770 DEBUG [main] org.lenskit.data.dao.file.TextEntitySource: resolved file URI: file:/C:/workspace/learning/couresra/recommender_system/uu-assignment/data/tags.csv
11:01:40.770 INFO [main] org.lenskit.data.dao.file.TextEntitySource: loading text file source tags to read from file:/C:/workspace/learning/couresra/recommender_system/uu-assignment/data/tags.csv
11:01:40.770 DEBUG [main] org.lenskit.data.dao.file.TextEntitySource: tags: using delimiter ,
11:01:40.770 DEBUG [main] org.lenskit.data.dao.file.TextEntitySource: tags: reading header
11:01:40.770 DEBUG [main] org.lenskit.data.dao.file.TextEntitySource: tags: reading entities of type EntityType[item-tag]
11:01:40.771 DEBUG [main] org.lenskit.data.dao.file.TextEntitySource: class org.lenskit.data.entities.BasicEntityBuilder: using entity builder {}
11:01:40.781 DEBUG [main] org.lenskit.LenskitRecommenderEngineBuilder: building graph from 3 configurations
11:01:40.958 DEBUG [main] org.lenskit.inject.RecommenderInstantiator: replacing nodes in graph with 12 nodes
11:01:40.969 DEBUG [main] org.lenskit.inject.RecommenderInstantiator: found 3 shared nodes
11:01:40.969 DEBUG [main] org.lenskit.inject.RecommenderInstantiator: final graph has 12 nodes
11:01:40.972 INFO [main] org.lenskit.cli.util.RecommenderLoader: built recommender in 191.0 ms
11:01:43.619 INFO [main] org.lenskit.data.dao.file.StaticDataSource: deriving entity type EntityType[user] from EntityType[rating] (column TypedName[user: long])
11:01:43.730 INFO [main] org.lenskit.data.dao.file.StaticDataSource: deriving entity type EntityType[item] from EntityType[rating] (column TypedName[item: long])
11:01:43.779 DEBUG [main] org.lenskit.data.entities.EntityCollectionBuilder: built collection of 2500 entities with type EntityType[item] and 2 indexes
11:01:43.800 DEBUG [main] org.lenskit.data.entities.EntityCollectionBuilder: built collection of 264505 entities with type EntityType[rating] and 2 indexes
11:01:43.806 DEBUG [main] org.lenskit.data.entities.EntityCollectionBuilder: built collection of 94875 entities with type EntityType[item-tag] and 2 indexes
11:01:43.807 DEBUG [main] org.lenskit.data.entities.EntityCollectionBuilder: built collection of 862 entities with type EntityType[user] and 2 indexes
11:01:43.818 INFO [main] org.lenskit.cli.commands.Recommend: recommending for 1 users
11:01:43.861 DEBUG [main] org.lenskit.basic.TopNItemRecommender: computing effective candidates for user 320 from 2500 candidates and 62 excluded items
11:01:43.869 DEBUG [main] org.lenskit.basic.TopNItemRecommender: Computing 10 recommendations for user 320 from 2438 candidates
11:03:13.350 INFO [main] org.lenskit.cli.commands.Recommend: recommended for 1 users in 1.492 min
11:03:13.351 INFO [main] org.lenskit.cli.Main: If you use LensKit in published research, please see http://lenskit.org/research/
