11:44:40.451 INFO [main] org.lenskit.cli.Main: Starting LensKit 3.0-M1 on Java 1.8.0_161 from Oracle Corporation
11:44:40.499 DEBUG [main] org.lenskit.LenskitInfo: have 5573 active revisions
11:44:40.515 DEBUG [main] org.lenskit.cli.Main: Built from Git revision c0210fa3281ef8b15b0959bcd5fced43c5fec38a
11:44:40.515 DEBUG [main] org.lenskit.cli.Main: Using VM 'Java HotSpot(TM) Client VM' version 25.161-b12 from Oracle Corporation
11:44:40.516 INFO [main] org.lenskit.cli.Main: Have 4 processors and heap limit of 247 MiB
11:44:40.549 INFO [main] org.lenskit.cli.util.RecommenderLoader: creating fresh recommender
11:44:41.064 INFO [main] org.lenskit.config.ConfigurationLoader: loading script from file:/C:/workspace/learning/couresra/recommender_system/nonpers-assignment/etc/mean.groovy
11:44:42.035 DEBUG [main] org.lenskit.data.dao.file.TextEntitySource: loading source ratings with base URI file:/C:/workspace/learning/couresra/recommender_system/nonpers-assignment/data/movielens.yml
11:44:42.036 DEBUG [main] org.lenskit.data.dao.file.TextEntitySource: resolved file URI: file:/C:/workspace/learning/couresra/recommender_system/nonpers-assignment/data/ratings.csv
11:44:42.056 INFO [main] org.lenskit.data.dao.file.TextEntitySource: loading text file source ratings to read from file:/C:/workspace/learning/couresra/recommender_system/nonpers-assignment/data/ratings.csv
11:44:42.076 DEBUG [main] org.lenskit.data.dao.file.TextEntitySource: ratings: using delimiter ,
11:44:42.076 DEBUG [main] org.lenskit.data.dao.file.TextEntitySource: ratings: reading header
11:44:42.076 DEBUG [main] org.lenskit.data.dao.file.TextEntitySource: ratings: reading entities of type EntityType[rating]
11:44:42.157 DEBUG [main] org.lenskit.data.dao.file.TextEntitySource: class org.lenskit.data.ratings.RatingBuilder: using entity builder {}
11:44:42.157 DEBUG [main] org.lenskit.data.dao.file.TextEntitySource: loading source movies with base URI file:/C:/workspace/learning/couresra/recommender_system/nonpers-assignment/data/movielens.yml
11:44:42.157 DEBUG [main] org.lenskit.data.dao.file.TextEntitySource: resolved file URI: file:/C:/workspace/learning/couresra/recommender_system/nonpers-assignment/data/movies.csv
11:44:42.157 INFO [main] org.lenskit.data.dao.file.TextEntitySource: loading text file source movies to read from file:/C:/workspace/learning/couresra/recommender_system/nonpers-assignment/data/movies.csv
11:44:42.157 DEBUG [main] org.lenskit.data.dao.file.TextEntitySource: movies: using delimiter ,
11:44:42.157 DEBUG [main] org.lenskit.data.dao.file.TextEntitySource: movies: reading header
11:44:42.158 DEBUG [main] org.lenskit.data.dao.file.TextEntitySource: movies: reading entities of type EntityType[item]
11:44:42.158 DEBUG [main] org.lenskit.data.dao.file.TextEntitySource: class org.lenskit.data.entities.BasicEntityBuilder: using entity builder {}
11:44:42.158 DEBUG [main] org.lenskit.data.dao.file.TextEntitySource: loading source tags with base URI file:/C:/workspace/learning/couresra/recommender_system/nonpers-assignment/data/movielens.yml
11:44:42.158 DEBUG [main] org.lenskit.data.dao.file.TextEntitySource: resolved file URI: file:/C:/workspace/learning/couresra/recommender_system/nonpers-assignment/data/tags.csv
11:44:42.158 INFO [main] org.lenskit.data.dao.file.TextEntitySource: loading text file source tags to read from file:/C:/workspace/learning/couresra/recommender_system/nonpers-assignment/data/tags.csv
11:44:42.159 DEBUG [main] org.lenskit.data.dao.file.TextEntitySource: tags: using delimiter ,
11:44:42.159 DEBUG [main] org.lenskit.data.dao.file.TextEntitySource: tags: reading header
11:44:42.159 DEBUG [main] org.lenskit.data.dao.file.TextEntitySource: tags: reading entities of type EntityType[item-tag]
11:44:42.159 DEBUG [main] org.lenskit.data.dao.file.TextEntitySource: class org.lenskit.data.entities.BasicEntityBuilder: using entity builder {}
11:44:42.170 DEBUG [main] org.lenskit.LenskitRecommenderEngineBuilder: building graph from 3 configurations
11:44:42.295 DEBUG [main] org.lenskit.inject.RecommenderInstantiator: replacing nodes in graph with 9 nodes
11:44:42.311 DEBUG [main] org.lenskit.inject.RecommenderInstantiator: found 5 shared nodes
11:44:45.028 INFO [main] org.lenskit.data.dao.file.StaticDataSource: deriving entity type EntityType[user] from EntityType[rating] (column TypedName[user: long])
11:44:45.133 INFO [main] org.lenskit.data.dao.file.StaticDataSource: deriving entity type EntityType[item] from EntityType[rating] (column TypedName[item: long])
11:44:45.183 DEBUG [main] org.lenskit.data.entities.EntityCollectionBuilder: built collection of 2500 entities with type EntityType[item] and 2 indexes
11:44:45.207 DEBUG [main] org.lenskit.data.entities.EntityCollectionBuilder: built collection of 264505 entities with type EntityType[rating] and 2 indexes
11:44:45.213 DEBUG [main] org.lenskit.data.entities.EntityCollectionBuilder: built collection of 94875 entities with type EntityType[item-tag] and 2 indexes
11:44:45.214 DEBUG [main] org.lenskit.data.entities.EntityCollectionBuilder: built collection of 862 entities with type EntityType[user] and 2 indexes
11:44:45.354 INFO [main] org.lenskit.mooc.nonpers.mean.ItemMeanModelProvider: computed mean ratings for 2500 items
11:44:45.380 DEBUG [main] org.lenskit.inject.RecommenderInstantiator: final graph has 9 nodes
11:44:45.383 INFO [main] org.lenskit.cli.util.RecommenderLoader: built recommender in 3.213 s
11:44:45.390 INFO [main] org.lenskit.cli.commands.GlobalRecommend: using 0 reference items: []
11:44:45.393 INFO [main] org.lenskit.mooc.nonpers.mean.MeanItemBasedItemRecommender: computing 10 recommendations from 2500 items
11:44:45.422 INFO [main] org.lenskit.cli.commands.GlobalRecommend: recommended in 30.91 ms
11:44:45.422 INFO [main] org.lenskit.cli.Main: If you use LensKit in published research, please see http://lenskit.org/research/
