21:20:11.906 INFO [main] org.lenskit.cli.Main: Starting LensKit 3.0-M1 on Java 1.8.0_161 from Oracle Corporation
21:20:11.953 DEBUG [main] org.lenskit.LenskitInfo: have 5573 active revisions
21:20:11.963 DEBUG [main] org.lenskit.cli.Main: Built from Git revision c0210fa3281ef8b15b0959bcd5fced43c5fec38a
21:20:11.963 DEBUG [main] org.lenskit.cli.Main: Using VM 'Java HotSpot(TM) Client VM' version 25.161-b12 from Oracle Corporation
21:20:11.963 INFO [main] org.lenskit.cli.Main: Have 4 processors and heap limit of 247 MiB
21:20:11.987 INFO [main] org.lenskit.cli.util.RecommenderLoader: creating fresh recommender
21:20:12.382 INFO [main] org.lenskit.config.ConfigurationLoader: loading script from file:/C:/workspace/learning/couresra/recommender_system/nonpers-assignment/etc/damped-mean.groovy
21:20:13.078 DEBUG [main] org.lenskit.data.dao.file.TextEntitySource: loading source ratings with base URI file:/C:/workspace/learning/couresra/recommender_system/nonpers-assignment/data/movielens.yml
21:20:13.078 DEBUG [main] org.lenskit.data.dao.file.TextEntitySource: resolved file URI: file:/C:/workspace/learning/couresra/recommender_system/nonpers-assignment/data/ratings.csv
21:20:13.088 INFO [main] org.lenskit.data.dao.file.TextEntitySource: loading text file source ratings to read from file:/C:/workspace/learning/couresra/recommender_system/nonpers-assignment/data/ratings.csv
21:20:13.095 DEBUG [main] org.lenskit.data.dao.file.TextEntitySource: ratings: using delimiter ,
21:20:13.095 DEBUG [main] org.lenskit.data.dao.file.TextEntitySource: ratings: reading header
21:20:13.095 DEBUG [main] org.lenskit.data.dao.file.TextEntitySource: ratings: reading entities of type EntityType[rating]
21:20:13.165 DEBUG [main] org.lenskit.data.dao.file.TextEntitySource: class org.lenskit.data.ratings.RatingBuilder: using entity builder {}
21:20:13.165 DEBUG [main] org.lenskit.data.dao.file.TextEntitySource: loading source movies with base URI file:/C:/workspace/learning/couresra/recommender_system/nonpers-assignment/data/movielens.yml
21:20:13.165 DEBUG [main] org.lenskit.data.dao.file.TextEntitySource: resolved file URI: file:/C:/workspace/learning/couresra/recommender_system/nonpers-assignment/data/movies.csv
21:20:13.166 INFO [main] org.lenskit.data.dao.file.TextEntitySource: loading text file source movies to read from file:/C:/workspace/learning/couresra/recommender_system/nonpers-assignment/data/movies.csv
21:20:13.166 DEBUG [main] org.lenskit.data.dao.file.TextEntitySource: movies: using delimiter ,
21:20:13.166 DEBUG [main] org.lenskit.data.dao.file.TextEntitySource: movies: reading header
21:20:13.166 DEBUG [main] org.lenskit.data.dao.file.TextEntitySource: movies: reading entities of type EntityType[item]
21:20:13.166 DEBUG [main] org.lenskit.data.dao.file.TextEntitySource: class org.lenskit.data.entities.BasicEntityBuilder: using entity builder {}
21:20:13.167 DEBUG [main] org.lenskit.data.dao.file.TextEntitySource: loading source tags with base URI file:/C:/workspace/learning/couresra/recommender_system/nonpers-assignment/data/movielens.yml
21:20:13.167 DEBUG [main] org.lenskit.data.dao.file.TextEntitySource: resolved file URI: file:/C:/workspace/learning/couresra/recommender_system/nonpers-assignment/data/tags.csv
21:20:13.167 INFO [main] org.lenskit.data.dao.file.TextEntitySource: loading text file source tags to read from file:/C:/workspace/learning/couresra/recommender_system/nonpers-assignment/data/tags.csv
21:20:13.167 DEBUG [main] org.lenskit.data.dao.file.TextEntitySource: tags: using delimiter ,
21:20:13.167 DEBUG [main] org.lenskit.data.dao.file.TextEntitySource: tags: reading header
21:20:13.167 DEBUG [main] org.lenskit.data.dao.file.TextEntitySource: tags: reading entities of type EntityType[item-tag]
21:20:13.168 DEBUG [main] org.lenskit.data.dao.file.TextEntitySource: class org.lenskit.data.entities.BasicEntityBuilder: using entity builder {}
21:20:13.170 DEBUG [main] org.lenskit.LenskitRecommenderEngineBuilder: building graph from 3 configurations
21:20:13.233 DEBUG [main] org.lenskit.inject.RecommenderInstantiator: replacing nodes in graph with 10 nodes
21:20:13.244 DEBUG [main] org.lenskit.inject.RecommenderInstantiator: found 6 shared nodes
21:20:15.068 INFO [main] org.lenskit.data.dao.file.StaticDataSource: deriving entity type EntityType[user] from EntityType[rating] (column TypedName[user: long])
21:20:15.146 INFO [main] org.lenskit.data.dao.file.StaticDataSource: deriving entity type EntityType[item] from EntityType[rating] (column TypedName[item: long])
21:20:15.183 DEBUG [main] org.lenskit.data.entities.EntityCollectionBuilder: built collection of 2500 entities with type EntityType[item] and 2 indexes
21:20:15.199 DEBUG [main] org.lenskit.data.entities.EntityCollectionBuilder: built collection of 264505 entities with type EntityType[rating] and 2 indexes
21:20:15.204 DEBUG [main] org.lenskit.data.entities.EntityCollectionBuilder: built collection of 94875 entities with type EntityType[item-tag] and 2 indexes
21:20:15.205 DEBUG [main] org.lenskit.data.entities.EntityCollectionBuilder: built collection of 862 entities with type EntityType[user] and 2 indexes
21:20:15.560 INFO [main] org.lenskit.mooc.nonpers.mean.DampedItemMeanModelProvider: computed mean ratings for 2500 items
21:20:15.580 DEBUG [main] org.lenskit.inject.RecommenderInstantiator: final graph has 10 nodes
21:20:15.583 INFO [main] org.lenskit.cli.util.RecommenderLoader: built recommender in 2.413 s
21:20:15.590 INFO [main] org.lenskit.cli.commands.GlobalRecommend: using 0 reference items: []
21:20:15.591 INFO [main] org.lenskit.mooc.nonpers.mean.MeanItemBasedItemRecommender: computing 10 recommendations from 2500 items
21:20:15.611 INFO [main] org.lenskit.cli.commands.GlobalRecommend: recommended in 20.28 ms
21:20:15.611 INFO [main] org.lenskit.cli.Main: If you use LensKit in published research, please see http://lenskit.org/research/
