12:49:21.895 INFO [main] org.lenskit.cli.Main: Starting LensKit 3.0-M1 on Java 1.8.0_161 from Oracle Corporation
12:49:21.926 DEBUG [main] org.lenskit.LenskitInfo: have 5573 active revisions
12:49:21.926 DEBUG [main] org.lenskit.cli.Main: Built from Git revision c0210fa3281ef8b15b0959bcd5fced43c5fec38a
12:49:21.926 DEBUG [main] org.lenskit.cli.Main: Using VM 'Java HotSpot(TM) Client VM' version 25.161-b12 from Oracle Corporation
12:49:21.926 INFO [main] org.lenskit.cli.Main: Have 4 processors and heap limit of 494 MiB
12:49:21.941 INFO [main] org.lenskit.cli.util.RecommenderLoader: creating fresh recommender
12:49:22.285 INFO [main] org.lenskit.config.ConfigurationLoader: loading script from file:/C:/workspace/learning/couresra/recommender_system/nonpers-assignment/etc/lift-assoc.groovy
12:49:22.990 DEBUG [main] org.lenskit.data.dao.file.TextEntitySource: loading source ratings with base URI file:/C:/workspace/learning/couresra/recommender_system/nonpers-assignment/data/movielens.yml
12:49:22.990 DEBUG [main] org.lenskit.data.dao.file.TextEntitySource: resolved file URI: file:/C:/workspace/learning/couresra/recommender_system/nonpers-assignment/data/ratings.csv
12:49:23.006 INFO [main] org.lenskit.data.dao.file.TextEntitySource: loading text file source ratings to read from file:/C:/workspace/learning/couresra/recommender_system/nonpers-assignment/data/ratings.csv
12:49:23.006 DEBUG [main] org.lenskit.data.dao.file.TextEntitySource: ratings: using delimiter ,
12:49:23.006 DEBUG [main] org.lenskit.data.dao.file.TextEntitySource: ratings: reading header
12:49:23.006 DEBUG [main] org.lenskit.data.dao.file.TextEntitySource: ratings: reading entities of type EntityType[rating]
12:49:23.084 DEBUG [main] org.lenskit.data.dao.file.TextEntitySource: class org.lenskit.data.ratings.RatingBuilder: using entity builder {}
12:49:23.084 DEBUG [main] org.lenskit.data.dao.file.TextEntitySource: loading source movies with base URI file:/C:/workspace/learning/couresra/recommender_system/nonpers-assignment/data/movielens.yml
12:49:23.084 DEBUG [main] org.lenskit.data.dao.file.TextEntitySource: resolved file URI: file:/C:/workspace/learning/couresra/recommender_system/nonpers-assignment/data/movies.csv
12:49:23.084 INFO [main] org.lenskit.data.dao.file.TextEntitySource: loading text file source movies to read from file:/C:/workspace/learning/couresra/recommender_system/nonpers-assignment/data/movies.csv
12:49:23.084 DEBUG [main] org.lenskit.data.dao.file.TextEntitySource: movies: using delimiter ,
12:49:23.084 DEBUG [main] org.lenskit.data.dao.file.TextEntitySource: movies: reading header
12:49:23.084 DEBUG [main] org.lenskit.data.dao.file.TextEntitySource: movies: reading entities of type EntityType[item]
12:49:23.084 DEBUG [main] org.lenskit.data.dao.file.TextEntitySource: class org.lenskit.data.entities.BasicEntityBuilder: using entity builder {}
12:49:23.084 DEBUG [main] org.lenskit.data.dao.file.TextEntitySource: loading source tags with base URI file:/C:/workspace/learning/couresra/recommender_system/nonpers-assignment/data/movielens.yml
12:49:23.084 DEBUG [main] org.lenskit.data.dao.file.TextEntitySource: resolved file URI: file:/C:/workspace/learning/couresra/recommender_system/nonpers-assignment/data/tags.csv
12:49:23.084 INFO [main] org.lenskit.data.dao.file.TextEntitySource: loading text file source tags to read from file:/C:/workspace/learning/couresra/recommender_system/nonpers-assignment/data/tags.csv
12:49:23.084 DEBUG [main] org.lenskit.data.dao.file.TextEntitySource: tags: using delimiter ,
12:49:23.084 DEBUG [main] org.lenskit.data.dao.file.TextEntitySource: tags: reading header
12:49:23.084 DEBUG [main] org.lenskit.data.dao.file.TextEntitySource: tags: reading entities of type EntityType[item-tag]
12:49:23.084 DEBUG [main] org.lenskit.data.dao.file.TextEntitySource: class org.lenskit.data.entities.BasicEntityBuilder: using entity builder {}
12:49:23.084 DEBUG [main] org.lenskit.LenskitRecommenderEngineBuilder: building graph from 3 configurations
12:49:23.162 DEBUG [main] org.lenskit.inject.RecommenderInstantiator: replacing nodes in graph with 9 nodes
12:49:23.162 DEBUG [main] org.lenskit.inject.RecommenderInstantiator: found 5 shared nodes
12:49:24.764 INFO [main] org.lenskit.data.dao.file.StaticDataSource: deriving entity type EntityType[user] from EntityType[rating] (column TypedName[user: long])
12:49:25.123 INFO [main] org.lenskit.data.dao.file.StaticDataSource: deriving entity type EntityType[item] from EntityType[rating] (column TypedName[item: long])
12:49:25.155 DEBUG [main] org.lenskit.data.entities.EntityCollectionBuilder: built collection of 2500 entities with type EntityType[item] and 2 indexes
12:49:25.186 DEBUG [main] org.lenskit.data.entities.EntityCollectionBuilder: built collection of 264505 entities with type EntityType[rating] and 2 indexes
12:49:25.186 DEBUG [main] org.lenskit.data.entities.EntityCollectionBuilder: built collection of 94875 entities with type EntityType[item-tag] and 2 indexes
12:49:25.186 DEBUG [main] org.lenskit.data.entities.EntityCollectionBuilder: built collection of 862 entities with type EntityType[user] and 2 indexes
12:50:11.661 DEBUG [main] org.lenskit.mooc.nonpers.assoc.AssociationModel: transforming input map for 2500 items into log data
12:50:12.368 DEBUG [main] org.lenskit.inject.RecommenderInstantiator: final graph has 9 nodes
12:50:12.368 INFO [main] org.lenskit.cli.util.RecommenderLoader: built recommender in 49.28 s
12:50:12.368 INFO [main] org.lenskit.cli.commands.GlobalRecommend: using 1 reference items: [2761]
12:50:12.384 INFO [main] org.lenskit.cli.commands.GlobalRecommend: recommended in 10.51 ms
12:50:12.384 INFO [main] org.lenskit.cli.Main: If you use LensKit in published research, please see http://lenskit.org/research/
