12:42:35.357 INFO [main] org.lenskit.cli.Main: Starting LensKit 3.0-M1 on Java 1.8.0_161 from Oracle Corporation
12:42:35.364 DEBUG [main] org.lenskit.LenskitInfo: have 5573 active revisions
12:42:35.398 DEBUG [main] org.lenskit.cli.Main: Built from Git revision c0210fa3281ef8b15b0959bcd5fced43c5fec38a
12:42:35.398 DEBUG [main] org.lenskit.cli.Main: Using VM 'Java HotSpot(TM) Client VM' version 25.161-b12 from Oracle Corporation
12:42:35.398 INFO [main] org.lenskit.cli.Main: Have 4 processors and heap limit of 494 MiB
12:42:35.414 INFO [main] org.lenskit.cli.util.RecommenderLoader: creating fresh recommender
12:42:35.774 INFO [main] org.lenskit.config.ConfigurationLoader: loading script from file:/C:/workspace/learning/couresra/recommender_system/nonpers-assignment/etc/simple-assoc.groovy
12:42:36.491 DEBUG [main] org.lenskit.data.dao.file.TextEntitySource: loading source ratings with base URI file:/C:/workspace/learning/couresra/recommender_system/nonpers-assignment/data/movielens.yml
12:42:36.491 DEBUG [main] org.lenskit.data.dao.file.TextEntitySource: resolved file URI: file:/C:/workspace/learning/couresra/recommender_system/nonpers-assignment/data/ratings.csv
12:42:36.507 INFO [main] org.lenskit.data.dao.file.TextEntitySource: loading text file source ratings to read from file:/C:/workspace/learning/couresra/recommender_system/nonpers-assignment/data/ratings.csv
12:42:36.523 DEBUG [main] org.lenskit.data.dao.file.TextEntitySource: ratings: using delimiter ,
12:42:36.523 DEBUG [main] org.lenskit.data.dao.file.TextEntitySource: ratings: reading header
12:42:36.523 DEBUG [main] org.lenskit.data.dao.file.TextEntitySource: ratings: reading entities of type EntityType[rating]
12:42:36.585 DEBUG [main] org.lenskit.data.dao.file.TextEntitySource: class org.lenskit.data.ratings.RatingBuilder: using entity builder {}
12:42:36.585 DEBUG [main] org.lenskit.data.dao.file.TextEntitySource: loading source movies with base URI file:/C:/workspace/learning/couresra/recommender_system/nonpers-assignment/data/movielens.yml
12:42:36.585 DEBUG [main] org.lenskit.data.dao.file.TextEntitySource: resolved file URI: file:/C:/workspace/learning/couresra/recommender_system/nonpers-assignment/data/movies.csv
12:42:36.585 INFO [main] org.lenskit.data.dao.file.TextEntitySource: loading text file source movies to read from file:/C:/workspace/learning/couresra/recommender_system/nonpers-assignment/data/movies.csv
12:42:36.585 DEBUG [main] org.lenskit.data.dao.file.TextEntitySource: movies: using delimiter ,
12:42:36.585 DEBUG [main] org.lenskit.data.dao.file.TextEntitySource: movies: reading header
12:42:36.585 DEBUG [main] org.lenskit.data.dao.file.TextEntitySource: movies: reading entities of type EntityType[item]
12:42:36.585 DEBUG [main] org.lenskit.data.dao.file.TextEntitySource: class org.lenskit.data.entities.BasicEntityBuilder: using entity builder {}
12:42:36.585 DEBUG [main] org.lenskit.data.dao.file.TextEntitySource: loading source tags with base URI file:/C:/workspace/learning/couresra/recommender_system/nonpers-assignment/data/movielens.yml
12:42:36.585 DEBUG [main] org.lenskit.data.dao.file.TextEntitySource: resolved file URI: file:/C:/workspace/learning/couresra/recommender_system/nonpers-assignment/data/tags.csv
12:42:36.585 INFO [main] org.lenskit.data.dao.file.TextEntitySource: loading text file source tags to read from file:/C:/workspace/learning/couresra/recommender_system/nonpers-assignment/data/tags.csv
12:42:36.585 DEBUG [main] org.lenskit.data.dao.file.TextEntitySource: tags: using delimiter ,
12:42:36.585 DEBUG [main] org.lenskit.data.dao.file.TextEntitySource: tags: reading header
12:42:36.585 DEBUG [main] org.lenskit.data.dao.file.TextEntitySource: tags: reading entities of type EntityType[item-tag]
12:42:36.585 DEBUG [main] org.lenskit.data.dao.file.TextEntitySource: class org.lenskit.data.entities.BasicEntityBuilder: using entity builder {}
12:42:36.586 DEBUG [main] org.lenskit.LenskitRecommenderEngineBuilder: building graph from 3 configurations
12:42:36.654 DEBUG [main] org.lenskit.inject.RecommenderInstantiator: replacing nodes in graph with 9 nodes
12:42:36.691 DEBUG [main] org.lenskit.inject.RecommenderInstantiator: found 5 shared nodes
12:42:38.308 INFO [main] org.lenskit.data.dao.file.StaticDataSource: deriving entity type EntityType[user] from EntityType[rating] (column TypedName[user: long])
12:42:38.558 INFO [main] org.lenskit.data.dao.file.StaticDataSource: deriving entity type EntityType[item] from EntityType[rating] (column TypedName[item: long])
12:42:38.589 DEBUG [main] org.lenskit.data.entities.EntityCollectionBuilder: built collection of 2500 entities with type EntityType[item] and 2 indexes
12:42:38.605 DEBUG [main] org.lenskit.data.entities.EntityCollectionBuilder: built collection of 264505 entities with type EntityType[rating] and 2 indexes
12:42:38.605 DEBUG [main] org.lenskit.data.entities.EntityCollectionBuilder: built collection of 94875 entities with type EntityType[item-tag] and 2 indexes
12:42:38.605 DEBUG [main] org.lenskit.data.entities.EntityCollectionBuilder: built collection of 862 entities with type EntityType[user] and 2 indexes
12:43:25.424 DEBUG [main] org.lenskit.mooc.nonpers.assoc.AssociationModel: transforming input map for 2500 items into log data
12:43:26.626 DEBUG [main] org.lenskit.inject.RecommenderInstantiator: final graph has 9 nodes
12:43:26.630 INFO [main] org.lenskit.cli.util.RecommenderLoader: built recommender in 50.05 s
12:43:26.643 INFO [main] org.lenskit.cli.commands.GlobalRecommend: using 1 reference items: [260]
12:43:26.675 INFO [main] org.lenskit.cli.commands.GlobalRecommend: recommended in 31.21 ms
12:43:26.675 INFO [main] org.lenskit.cli.Main: If you use LensKit in published research, please see http://lenskit.org/research/
