20:19:32.298 INFO [main] org.lenskit.cli.Main: Starting LensKit 3.0-M2 on Java 1.8.0_161 from Oracle Corporation
20:19:32.424 DEBUG [main] org.lenskit.LenskitInfo: have 5655 active revisions
20:19:32.442 DEBUG [main] org.lenskit.cli.Main: Built from Git revision 0c68ad209f38816e66497a656f777a3c1484778d
20:19:32.443 DEBUG [main] org.lenskit.cli.Main: Using VM 'Java HotSpot(TM) Client VM' version 25.161-b12 from Oracle Corporation
20:19:32.443 INFO [main] org.lenskit.cli.Main: Have 4 processors and heap limit of 989 MiB
20:19:32.534 INFO [main] org.lenskit.cli.util.RecommenderLoader: creating fresh recommender
20:19:33.440 INFO [main] org.lenskit.config.ConfigurationLoader: loading script from file:/C:/workspace/learning/couresra/recommender_system/svd-assignment/etc/svd.groovy
20:19:34.433 INFO [main] org.lenskit.config.ConfigurationLoader: loading script from file:/C:/workspace/learning/couresra/recommender_system/svd-assignment/etc/user-item-bias.groovy
20:19:35.038 DEBUG [main] org.lenskit.data.dao.file.TextEntitySource: loading source ratings with base URI file:/C:/workspace/learning/couresra/recommender_system/svd-assignment/data/movielens.yml
20:19:35.038 DEBUG [main] org.lenskit.data.dao.file.TextEntitySource: resolved file URI: file:/C:/workspace/learning/couresra/recommender_system/svd-assignment/data/ratings.csv
20:19:35.069 INFO [main] org.lenskit.data.dao.file.TextEntitySource: loading text file source ratings to read from file:/C:/workspace/learning/couresra/recommender_system/svd-assignment/data/ratings.csv
20:19:35.090 DEBUG [main] org.lenskit.data.dao.file.TextEntitySource: ratings: using delimiter ,
20:19:35.090 DEBUG [main] org.lenskit.data.dao.file.TextEntitySource: ratings: reading header
20:19:35.090 DEBUG [main] org.lenskit.data.dao.file.TextEntitySource: ratings: reading entities of type EntityType[rating]
20:19:35.226 DEBUG [main] org.lenskit.data.dao.file.TextEntitySource: class org.lenskit.data.ratings.RatingBuilder: using entity builder {}
20:19:35.227 DEBUG [main] org.lenskit.data.dao.file.TextEntitySource: loading source movies with base URI file:/C:/workspace/learning/couresra/recommender_system/svd-assignment/data/movielens.yml
20:19:35.227 DEBUG [main] org.lenskit.data.dao.file.TextEntitySource: resolved file URI: file:/C:/workspace/learning/couresra/recommender_system/svd-assignment/data/movies.csv
20:19:35.227 INFO [main] org.lenskit.data.dao.file.TextEntitySource: loading text file source movies to read from file:/C:/workspace/learning/couresra/recommender_system/svd-assignment/data/movies.csv
20:19:35.227 DEBUG [main] org.lenskit.data.dao.file.TextEntitySource: movies: using delimiter ,
20:19:35.227 DEBUG [main] org.lenskit.data.dao.file.TextEntitySource: movies: reading header
20:19:35.227 DEBUG [main] org.lenskit.data.dao.file.TextEntitySource: movies: reading entities of type EntityType[item]
20:19:35.228 DEBUG [main] org.lenskit.data.dao.file.TextEntitySource: class org.lenskit.data.entities.BasicEntityBuilder: using entity builder {}
20:19:35.228 DEBUG [main] org.lenskit.data.dao.file.TextEntitySource: loading source tags with base URI file:/C:/workspace/learning/couresra/recommender_system/svd-assignment/data/movielens.yml
20:19:35.228 DEBUG [main] org.lenskit.data.dao.file.TextEntitySource: resolved file URI: file:/C:/workspace/learning/couresra/recommender_system/svd-assignment/data/tags.csv
20:19:35.228 INFO [main] org.lenskit.data.dao.file.TextEntitySource: loading text file source tags to read from file:/C:/workspace/learning/couresra/recommender_system/svd-assignment/data/tags.csv
20:19:35.228 DEBUG [main] org.lenskit.data.dao.file.TextEntitySource: tags: using delimiter ,
20:19:35.228 DEBUG [main] org.lenskit.data.dao.file.TextEntitySource: tags: reading header
20:19:35.228 DEBUG [main] org.lenskit.data.dao.file.TextEntitySource: tags: reading entities of type EntityType[item-tag]
20:19:35.229 DEBUG [main] org.lenskit.data.dao.file.TextEntitySource: class org.lenskit.data.entities.BasicEntityBuilder: using entity builder {}
20:19:35.241 DEBUG [main] org.lenskit.LenskitRecommenderEngineBuilder: building graph from 4 configurations
20:19:35.455 DEBUG [main] org.lenskit.inject.RecommenderInstantiator: replacing nodes in graph with 17 nodes
20:19:35.479 DEBUG [main] org.lenskit.inject.RecommenderInstantiator: found 7 shared nodes
