12:54:03.233 INFO [main] org.lenskit.cli.Main: Starting LensKit 3.0-M1 on Java 1.8.0_161 from Oracle Corporation
12:54:03.289 DEBUG [main] org.lenskit.LenskitInfo: have 5573 active revisions
12:54:03.301 DEBUG [main] org.lenskit.cli.Main: Built from Git revision c0210fa3281ef8b15b0959bcd5fced43c5fec38a
12:54:03.301 DEBUG [main] org.lenskit.cli.Main: Using VM 'Java HotSpot(TM) Client VM' version 25.161-b12 from Oracle Corporation
12:54:03.301 INFO [main] org.lenskit.cli.Main: Have 4 processors and heap limit of 494 MiB
12:54:03.333 INFO [main] org.lenskit.cli.util.RecommenderLoader: creating fresh recommender
12:54:03.884 INFO [main] org.lenskit.config.ConfigurationLoader: loading script from file:/C:/workspace/learning/couresra/recommender_system/cbf-assignment/etc/weighted.groovy
12:54:05.074 DEBUG [main] org.lenskit.data.dao.file.TextEntitySource: loading source ratings with base URI file:/C:/workspace/learning/couresra/recommender_system/cbf-assignment/data/movielens.yml
12:54:05.074 DEBUG [main] org.lenskit.data.dao.file.TextEntitySource: resolved file URI: file:/C:/workspace/learning/couresra/recommender_system/cbf-assignment/data/ratings.csv
12:54:05.111 INFO [main] org.lenskit.data.dao.file.TextEntitySource: loading text file source ratings to read from file:/C:/workspace/learning/couresra/recommender_system/cbf-assignment/data/ratings.csv
12:54:05.125 DEBUG [main] org.lenskit.data.dao.file.TextEntitySource: ratings: using delimiter ,
12:54:05.126 DEBUG [main] org.lenskit.data.dao.file.TextEntitySource: ratings: reading header
12:54:05.126 DEBUG [main] org.lenskit.data.dao.file.TextEntitySource: ratings: reading entities of type EntityType[rating]
12:54:05.228 DEBUG [main] org.lenskit.data.dao.file.TextEntitySource: class org.lenskit.data.ratings.RatingBuilder: using entity builder {}
12:54:05.228 DEBUG [main] org.lenskit.data.dao.file.TextEntitySource: loading source movies with base URI file:/C:/workspace/learning/couresra/recommender_system/cbf-assignment/data/movielens.yml
12:54:05.228 DEBUG [main] org.lenskit.data.dao.file.TextEntitySource: resolved file URI: file:/C:/workspace/learning/couresra/recommender_system/cbf-assignment/data/movies.csv
12:54:05.228 INFO [main] org.lenskit.data.dao.file.TextEntitySource: loading text file source movies to read from file:/C:/workspace/learning/couresra/recommender_system/cbf-assignment/data/movies.csv
12:54:05.228 DEBUG [main] org.lenskit.data.dao.file.TextEntitySource: movies: using delimiter ,
12:54:05.228 DEBUG [main] org.lenskit.data.dao.file.TextEntitySource: movies: reading header
12:54:05.228 DEBUG [main] org.lenskit.data.dao.file.TextEntitySource: movies: reading entities of type EntityType[item]
12:54:05.229 DEBUG [main] org.lenskit.data.dao.file.TextEntitySource: class org.lenskit.data.entities.BasicEntityBuilder: using entity builder {}
12:54:05.229 DEBUG [main] org.lenskit.data.dao.file.TextEntitySource: loading source tags with base URI file:/C:/workspace/learning/couresra/recommender_system/cbf-assignment/data/movielens.yml
12:54:05.229 DEBUG [main] org.lenskit.data.dao.file.TextEntitySource: resolved file URI: file:/C:/workspace/learning/couresra/recommender_system/cbf-assignment/data/tags.csv
12:54:05.229 INFO [main] org.lenskit.data.dao.file.TextEntitySource: loading text file source tags to read from file:/C:/workspace/learning/couresra/recommender_system/cbf-assignment/data/tags.csv
12:54:05.229 DEBUG [main] org.lenskit.data.dao.file.TextEntitySource: tags: using delimiter ,
12:54:05.229 DEBUG [main] org.lenskit.data.dao.file.TextEntitySource: tags: reading header
12:54:05.229 DEBUG [main] org.lenskit.data.dao.file.TextEntitySource: tags: reading entities of type EntityType[item-tag]
12:54:05.235 DEBUG [main] org.lenskit.data.dao.file.TextEntitySource: class org.lenskit.data.entities.BasicEntityBuilder: using entity builder {}
12:54:05.249 DEBUG [main] org.lenskit.LenskitRecommenderEngineBuilder: building graph from 3 configurations
12:54:05.431 DEBUG [main] org.lenskit.inject.RecommenderInstantiator: replacing nodes in graph with 14 nodes
12:54:05.444 DEBUG [main] org.lenskit.inject.RecommenderInstantiator: found 4 shared nodes
12:54:07.870 INFO [main] org.lenskit.data.dao.file.StaticDataSource: deriving entity type EntityType[user] from EntityType[rating] (column TypedName[user: long])
12:54:08.251 INFO [main] org.lenskit.data.dao.file.StaticDataSource: deriving entity type EntityType[item] from EntityType[rating] (column TypedName[item: long])
12:54:08.306 INFO [main] org.lenskit.data.dao.file.StaticDataSource: deriving entity type EntityType[user] from EntityType[item-tag] (column TypedName[user: long])
12:54:08.351 INFO [main] org.lenskit.data.dao.file.StaticDataSource: deriving entity type EntityType[item] from EntityType[item-tag] (column TypedName[item: long])
12:54:08.431 DEBUG [main] org.lenskit.data.entities.EntityCollectionBuilder: built collection of 2500 entities with type EntityType[item] and 2 indexes
12:54:08.484 DEBUG [main] org.lenskit.data.entities.EntityCollectionBuilder: built collection of 264505 entities with type EntityType[rating] and 2 indexes
12:54:08.492 DEBUG [main] org.lenskit.data.entities.EntityCollectionBuilder: built collection of 94875 entities with type EntityType[item-tag] and 2 indexes
12:54:08.493 DEBUG [main] org.lenskit.data.entities.EntityCollectionBuilder: built collection of 862 entities with type EntityType[user] and 2 indexes
12:54:08.528 INFO [main] org.lenskit.mooc.cbf.TFIDFModelProvider: Building TF-IDF model
12:54:08.800 INFO [main] org.lenskit.mooc.cbf.TFIDFModelProvider: Computed TF vectors for 2500 items
12:54:08.850 DEBUG [main] org.lenskit.inject.RecommenderInstantiator: final graph has 14 nodes
12:54:08.854 INFO [main] org.lenskit.cli.util.RecommenderLoader: built recommender in 3.605 s
12:54:08.870 INFO [main] org.lenskit.cli.commands.Recommend: recommending for 1 users
12:54:08.885 DEBUG [main] org.lenskit.basic.TopNItemRecommender: computing effective candidates for user 320 from 2500 candidates and 62 excluded items
12:54:08.890 DEBUG [main] org.lenskit.basic.TopNItemRecommender: Computing 10 recommendations for user 320 from 2438 candidates
12:54:08.945 INFO [main] org.lenskit.cli.commands.Recommend: recommended for 1 users in 74.59 ms
12:54:08.945 INFO [main] org.lenskit.cli.Main: If you use LensKit in published research, please see http://lenskit.org/research/
