12:26:52.625 INFO [main] org.lenskit.cli.Main: Starting LensKit 3.0-M1 on Java 1.8.0_161 from Oracle Corporation
12:26:52.658 DEBUG [main] org.lenskit.LenskitInfo: have 5573 active revisions
12:26:52.667 DEBUG [main] org.lenskit.cli.Main: Built from Git revision c0210fa3281ef8b15b0959bcd5fced43c5fec38a
12:26:52.667 DEBUG [main] org.lenskit.cli.Main: Using VM 'Java HotSpot(TM) Client VM' version 25.161-b12 from Oracle Corporation
12:26:52.667 INFO [main] org.lenskit.cli.Main: Have 4 processors and heap limit of 494 MiB
12:26:52.704 INFO [main] org.lenskit.cli.util.RecommenderLoader: creating fresh recommender
12:26:53.167 INFO [main] org.lenskit.config.ConfigurationLoader: loading script from file:/C:/workspace/learning/couresra/recommender_system/cbf-assignment/etc/basic.groovy
12:26:54.362 DEBUG [main] org.lenskit.data.dao.file.TextEntitySource: loading source ratings with base URI file:/C:/workspace/learning/couresra/recommender_system/cbf-assignment/data/movielens.yml
12:26:54.362 DEBUG [main] org.lenskit.data.dao.file.TextEntitySource: resolved file URI: file:/C:/workspace/learning/couresra/recommender_system/cbf-assignment/data/ratings.csv
12:26:54.388 INFO [main] org.lenskit.data.dao.file.TextEntitySource: loading text file source ratings to read from file:/C:/workspace/learning/couresra/recommender_system/cbf-assignment/data/ratings.csv
12:26:54.400 DEBUG [main] org.lenskit.data.dao.file.TextEntitySource: ratings: using delimiter ,
12:26:54.400 DEBUG [main] org.lenskit.data.dao.file.TextEntitySource: ratings: reading header
12:26:54.400 DEBUG [main] org.lenskit.data.dao.file.TextEntitySource: ratings: reading entities of type EntityType[rating]
12:26:54.575 DEBUG [main] org.lenskit.data.dao.file.TextEntitySource: class org.lenskit.data.ratings.RatingBuilder: using entity builder {}
12:26:54.575 DEBUG [main] org.lenskit.data.dao.file.TextEntitySource: loading source movies with base URI file:/C:/workspace/learning/couresra/recommender_system/cbf-assignment/data/movielens.yml
12:26:54.576 DEBUG [main] org.lenskit.data.dao.file.TextEntitySource: resolved file URI: file:/C:/workspace/learning/couresra/recommender_system/cbf-assignment/data/movies.csv
12:26:54.576 INFO [main] org.lenskit.data.dao.file.TextEntitySource: loading text file source movies to read from file:/C:/workspace/learning/couresra/recommender_system/cbf-assignment/data/movies.csv
12:26:54.577 DEBUG [main] org.lenskit.data.dao.file.TextEntitySource: movies: using delimiter ,
12:26:54.577 DEBUG [main] org.lenskit.data.dao.file.TextEntitySource: movies: reading header
12:26:54.577 DEBUG [main] org.lenskit.data.dao.file.TextEntitySource: movies: reading entities of type EntityType[item]
12:26:54.578 DEBUG [main] org.lenskit.data.dao.file.TextEntitySource: class org.lenskit.data.entities.BasicEntityBuilder: using entity builder {}
12:26:54.578 DEBUG [main] org.lenskit.data.dao.file.TextEntitySource: loading source tags with base URI file:/C:/workspace/learning/couresra/recommender_system/cbf-assignment/data/movielens.yml
12:26:54.578 DEBUG [main] org.lenskit.data.dao.file.TextEntitySource: resolved file URI: file:/C:/workspace/learning/couresra/recommender_system/cbf-assignment/data/tags.csv
12:26:54.578 INFO [main] org.lenskit.data.dao.file.TextEntitySource: loading text file source tags to read from file:/C:/workspace/learning/couresra/recommender_system/cbf-assignment/data/tags.csv
12:26:54.579 DEBUG [main] org.lenskit.data.dao.file.TextEntitySource: tags: using delimiter ,
12:26:54.579 DEBUG [main] org.lenskit.data.dao.file.TextEntitySource: tags: reading header
12:26:54.579 DEBUG [main] org.lenskit.data.dao.file.TextEntitySource: tags: reading entities of type EntityType[item-tag]
12:26:54.590 DEBUG [main] org.lenskit.data.dao.file.TextEntitySource: class org.lenskit.data.entities.BasicEntityBuilder: using entity builder {}
12:26:54.601 DEBUG [main] org.lenskit.LenskitRecommenderEngineBuilder: building graph from 3 configurations
12:26:54.748 DEBUG [main] org.lenskit.inject.RecommenderInstantiator: replacing nodes in graph with 14 nodes
12:26:54.766 DEBUG [main] org.lenskit.inject.RecommenderInstantiator: found 4 shared nodes
12:26:57.482 INFO [main] org.lenskit.data.dao.file.StaticDataSource: deriving entity type EntityType[user] from EntityType[rating] (column TypedName[user: long])
12:26:57.838 INFO [main] org.lenskit.data.dao.file.StaticDataSource: deriving entity type EntityType[item] from EntityType[rating] (column TypedName[item: long])
12:26:57.899 INFO [main] org.lenskit.data.dao.file.StaticDataSource: deriving entity type EntityType[user] from EntityType[item-tag] (column TypedName[user: long])
12:26:57.925 INFO [main] org.lenskit.data.dao.file.StaticDataSource: deriving entity type EntityType[item] from EntityType[item-tag] (column TypedName[item: long])
12:26:57.965 DEBUG [main] org.lenskit.data.entities.EntityCollectionBuilder: built collection of 2500 entities with type EntityType[item] and 2 indexes
12:26:57.999 DEBUG [main] org.lenskit.data.entities.EntityCollectionBuilder: built collection of 264505 entities with type EntityType[rating] and 2 indexes
12:26:58.011 DEBUG [main] org.lenskit.data.entities.EntityCollectionBuilder: built collection of 94875 entities with type EntityType[item-tag] and 2 indexes
12:26:58.012 DEBUG [main] org.lenskit.data.entities.EntityCollectionBuilder: built collection of 862 entities with type EntityType[user] and 2 indexes
12:26:58.023 INFO [main] org.lenskit.mooc.cbf.TFIDFModelProvider: Building TF-IDF model
12:26:58.241 INFO [main] org.lenskit.mooc.cbf.TFIDFModelProvider: Computed TF vectors for 2500 items
12:26:58.306 DEBUG [main] org.lenskit.inject.RecommenderInstantiator: final graph has 14 nodes
12:26:58.310 INFO [main] org.lenskit.cli.util.RecommenderLoader: built recommender in 3.709 s
12:26:58.323 INFO [main] org.lenskit.cli.commands.Recommend: recommending for 1 users
12:26:58.339 DEBUG [main] org.lenskit.basic.TopNItemRecommender: computing effective candidates for user 320 from 2500 candidates and 62 excluded items
12:26:58.345 DEBUG [main] org.lenskit.basic.TopNItemRecommender: Computing 10 recommendations for user 320 from 2438 candidates
12:26:58.407 INFO [main] org.lenskit.cli.commands.Recommend: recommended for 1 users in 82.99 ms
12:26:58.408 INFO [main] org.lenskit.cli.Main: If you use LensKit in published research, please see http://lenskit.org/research/
